<?xml version="1.0" encoding="UTF-8"?>
<!-- Generated by org.testng.reporters.JUnitReportReporter -->
<testsuite hostname="DESKTOP-VL5GMH9" failures="0" tests="2" name="testcases.dmotest" time="5.861" errors="0" timestamp="2024-08-16T14:50:03 IST" skipped="0">
  <testcase classname="testcases.dmotest" name="tone" time="3.859"/>
  <testcase classname="testcases.dmotest" name="tone" time="2.002"/>
</testsuite> <!-- testcases.dmotest -->
