<?xml version="1.0" encoding="UTF-8"?>
<!-- Generated by org.testng.reporters.JUnitReportReporter -->
<testsuite hostname="DESKTOP-VL5GMH9" failures="0" tests="2" name="testcases.Test1" time="0.012" errors="0" timestamp="2024-08-25T09:55:54 IST" skipped="0">
  <testcase classname="testcases.Test1" name="testCase1" time="0.010">
    <system-out>
      <![CDATA[1st.....]]>
    </system-out>
  </testcase> <!-- testCase1 -->
  <testcase classname="testcases.Test1" name="testCase4" time="0.002">
    <system-out>
      <![CDATA[4th.....]]>
    </system-out>
  </testcase> <!-- testCase4 -->
  <system-out>
    <![CDATA[1st.....
4th.....]]>
  </system-out>
</testsuite> <!-- testcases.Test1 -->
