<?xml version="1.0" encoding="UTF-8"?>
<!-- Generated by org.testng.reporters.JUnitReportReporter -->
<testsuite hostname="DESKTOP-VL5GMH9" failures="0" tests="2" name="testcases.LoginTest" time="5.288" errors="0" timestamp="2024-08-27T22:46:16 IST" skipped="0">
  <testcase classname="testcases.LoginTest" name="checkLogin" time="2.413"/>
  <testcase classname="testcases.LoginTest" name="invalidCredentails" time="2.875"/>
</testsuite> <!-- testcases.LoginTest -->
