<?xml version="1.0" encoding="UTF-8"?>
<!-- Generated by org.testng.reporters.JUnitReportReporter -->
<testsuite hostname="DESKTOP-VL5GMH9" failures="0" tests="2" name="testcases.LoginTest" time="6.079" errors="0" timestamp="2024-08-27T22:52:39 IST" skipped="0">
  <testcase classname="testcases.LoginTest" name="checkLogin" time="2.498"/>
  <testcase classname="testcases.LoginTest" name="invalidCredentails" time="3.581"/>
</testsuite> <!-- testcases.LoginTest -->
