<?xml version="1.0" encoding="UTF-8"?>
<!-- Generated by org.testng.reporters.JUnitReportReporter -->
<testsuite hostname="DESKTOP-VL5GMH9" failures="0" tests="1" name="com.qa.testcases.LoginTest" time="2.831" errors="0" timestamp="2024-08-10T13:37:49 IST" skipped="0">
  <testcase classname="com.qa.testcases.LoginTest" name="checkLogin" time="2.831"/>
</testsuite> <!-- com.qa.testcases.LoginTest -->
