<?xml version="1.0" encoding="UTF-8"?>
<!-- Generated by org.testng.reporters.JUnitReportReporter -->
<testsuite hostname="DESKTOP-VL5GMH9" failures="0" tests="1" name="testcases.apTest" time="0.018" errors="0" timestamp="2024-08-24T16:53:57 IST" skipped="0">
  <testcase classname="testcases.apTest" name="log" time="0.018"/>
</testsuite> <!-- testcases.apTest -->
